<?xml version="1.0" encoding="UTF-8" ?>
<testsuite failures="0" time="5.725" errors="1" skipped="0" tests="1" name="com.martinetherton.ons.web.PersonControllerIntegrationTest">
  <properties>
    <property name="jboss.i18n.generate-proxies" value="true"/>
    <property name="java.runtime.name" value="Java(TM) SE Runtime Environment"/>
    <property name="sun.boot.library.path" value="/Library/Java/JavaVirtualMachines/jdk1.7.0_40.jdk/Contents/Home/jre/lib"/>
    <property name="java.vm.version" value="24.0-b56"/>
    <property name="user.country.format" value="NL"/>
    <property name="gopherProxySet" value="false"/>
    <property name="java.vm.vendor" value="Oracle Corporation"/>
    <property name="java.vendor.url" value="http://java.oracle.com/"/>
    <property name="path.separator" value=":"/>
    <property name="java.vm.name" value="Java HotSpot(TM) 64-Bit Server VM"/>
    <property name="file.encoding.pkg" value="sun.io"/>
    <property name="user.country" value="US"/>
    <property name="sun.java.launcher" value="SUN_STANDARD"/>
    <property name="sun.os.patch.level" value="unknown"/>
    <property name="java.vm.specification.name" value="Java Virtual Machine Specification"/>
    <property name="user.dir" value="/Users/martin/onsproject/ons-parent/ons-webapp"/>
    <property name="java.runtime.version" value="1.7.0_40-b43"/>
    <property name="java.awt.graphicsenv" value="sun.awt.CGraphicsEnvironment"/>
    <property name="basedir" value="/Users/martin/onsproject/ons-parent/ons-webapp"/>
    <property name="java.endorsed.dirs" value="/Library/Java/JavaVirtualMachines/jdk1.7.0_40.jdk/Contents/Home/jre/lib/endorsed"/>
    <property name="os.arch" value="x86_64"/>
    <property name="surefire.real.class.path" value="/Users/martin/onsproject/ons-parent/ons-webapp/target/surefire/surefirebooter1322875087317796829.jar"/>
    <property name="java.io.tmpdir" value="/var/folders/37/_1553yw13g5cx4zy4_jb0ydh0000gn/T/"/>
    <property name="line.separator" value="
"/>
    <property name="java.vm.specification.vendor" value="Oracle Corporation"/>
    <property name="os.name" value="Mac OS X"/>
    <property name="sun.jnu.encoding" value="UTF-8"/>
    <property name="java.library.path" value="/Users/martin/Library/Java/Extensions:/Library/Java/Extensions:/Network/Library/Java/Extensions:/System/Library/Java/Extensions:/usr/lib/java:."/>
    <property name="surefire.test.class.path" value="/Users/martin/onsproject/ons-parent/ons-webapp/target/test-classes:/Users/martin/onsproject/ons-parent/ons-webapp/target/classes:/Users/martin/.m2/repository/javax/servlet/servlet-api/2.5/servlet-api-2.5.jar:/Users/martin/.m2/repository/org/springframework/spring-webmvc/3.2.4.RELEASE/spring-webmvc-3.2.4.RELEASE.jar:/Users/martin/.m2/repository/org/springframework/spring-beans/3.2.4.RELEASE/spring-beans-3.2.4.RELEASE.jar:/Users/martin/.m2/repository/org/springframework/spring-core/3.2.4.RELEASE/spring-core-3.2.4.RELEASE.jar:/Users/martin/.m2/repository/commons-logging/commons-logging/1.1.1/commons-logging-1.1.1.jar:/Users/martin/.m2/repository/org/springframework/spring-expression/3.2.4.RELEASE/spring-expression-3.2.4.RELEASE.jar:/Users/martin/.m2/repository/org/springframework/spring-web/3.2.4.RELEASE/spring-web-3.2.4.RELEASE.jar:/Users/martin/onsproject/ons-parent/ons-model/target/ons-model-0.8-SNAPSHOT.jar:/Users/martin/.m2/repository/javax/validation/validation-api/1.0.0.GA/validation-api-1.0.0.GA.jar:/Users/martin/.m2/repository/org/hibernate/javax/persistence/hibernate-jpa-2.0-api/1.0.1.Final/hibernate-jpa-2.0-api-1.0.1.Final.jar:/Users/martin/onsproject/ons-parent/ons-service/target/ons-service-0.8-SNAPSHOT.jar:/Users/martin/onsproject/ons-parent/ons-persist/target/ons-persist-0.8-SNAPSHOT.jar:/Users/martin/.m2/repository/org/hibernate/hibernate-entitymanager/4.1.4.Final/hibernate-entitymanager-4.1.4.Final.jar:/Users/martin/.m2/repository/org/jboss/logging/jboss-logging/3.1.0.GA/jboss-logging-3.1.0.GA.jar:/Users/martin/.m2/repository/org/hibernate/hibernate-core/4.1.4.Final/hibernate-core-4.1.4.Final.jar:/Users/martin/.m2/repository/antlr/antlr/2.7.7/antlr-2.7.7.jar:/Users/martin/.m2/repository/org/jboss/spec/javax/transaction/jboss-transaction-api_1.1_spec/1.0.0.Final/jboss-transaction-api_1.1_spec-1.0.0.Final.jar:/Users/martin/.m2/repository/dom4j/dom4j/1.6.1/dom4j-1.6.1.jar:/Users/martin/.m2/repository/org/javassist/javassist/3.15.0-GA/javassist-3.15.0-GA.jar:/Users/martin/.m2/repository/org/hibernate/common/hibernate-commons-annotations/4.0.1.Final/hibernate-commons-annotations-4.0.1.Final.jar:/Users/martin/.m2/repository/org/aspectj/aspectjrt/1.6.9/aspectjrt-1.6.9.jar:/Users/martin/.m2/repository/org/springframework/spring-jdbc/3.2.4.RELEASE/spring-jdbc-3.2.4.RELEASE.jar:/Users/martin/.m2/repository/org/springframework/spring-orm/3.2.4.RELEASE/spring-orm-3.2.4.RELEASE.jar:/Users/martin/.m2/repository/org/hsqldb/hsqldb/2.2.8/hsqldb-2.2.8.jar:/Users/martin/.m2/repository/org/springframework/data/spring-data-jpa/1.1.0.RELEASE/spring-data-jpa-1.1.0.RELEASE.jar:/Users/martin/.m2/repository/org/springframework/data/spring-data-commons-core/1.3.0.RELEASE/spring-data-commons-core-1.3.0.RELEASE.jar:/Users/martin/.m2/repository/junit/junit-dep/4.8.2/junit-dep-4.8.2.jar:/Users/martin/.m2/repository/org/slf4j/slf4j-api/1.6.1/slf4j-api-1.6.1.jar:/Users/martin/.m2/repository/org/slf4j/jcl-over-slf4j/1.6.1/jcl-over-slf4j-1.6.1.jar:/Users/martin/.m2/repository/mysql/mysql-connector-java/5.1.6/mysql-connector-java-5.1.6.jar:/Users/martin/.m2/repository/org/hibernate/hibernate-validator/4.0.2.GA/hibernate-validator-4.0.2.GA.jar:/Users/martin/.m2/repository/javax/xml/bind/jaxb-api/2.1/jaxb-api-2.1.jar:/Users/martin/.m2/repository/javax/xml/stream/stax-api/1.0-2/stax-api-1.0-2.jar:/Users/martin/.m2/repository/javax/activation/activation/1.1/activation-1.1.jar:/Users/martin/.m2/repository/com/sun/xml/bind/jaxb-impl/2.1.3/jaxb-impl-2.1.3.jar:/Users/martin/.m2/repository/org/aspectj/aspectjweaver/1.6.12/aspectjweaver-1.6.12.jar:/Users/martin/.m2/repository/org/springframework/spring-aop/3.2.4.RELEASE/spring-aop-3.2.4.RELEASE.jar:/Users/martin/.m2/repository/org/springframework/security/spring-security-web/3.2.3.RELEASE/spring-security-web-3.2.3.RELEASE.jar:/Users/martin/.m2/repository/aopalliance/aopalliance/1.0/aopalliance-1.0.jar:/Users/martin/.m2/repository/org/springframework/security/spring-security-core/3.2.3.RELEASE/spring-security-core-3.2.3.RELEASE.jar:/Users/martin/.m2/repository/org/springframework/security/spring-security-taglibs/3.2.3.RELEASE/spring-security-taglibs-3.2.3.RELEASE.jar:/Users/martin/.m2/repository/org/springframework/security/spring-security-acl/3.2.3.RELEASE/spring-security-acl-3.2.3.RELEASE.jar:/Users/martin/.m2/repository/org/springframework/spring-tx/3.2.8.RELEASE/spring-tx-3.2.8.RELEASE.jar:/Users/martin/.m2/repository/org/springframework/security/spring-security-config/3.2.3.RELEASE/spring-security-config-3.2.3.RELEASE.jar:/Users/martin/.m2/repository/junit/junit/4.11/junit-4.11.jar:/Users/martin/.m2/repository/org/hamcrest/hamcrest-core/1.3/hamcrest-core-1.3.jar:/Users/martin/.m2/repository/org/mockito/mockito-all/1.9.0/mockito-all-1.9.0.jar:/Users/martin/.m2/repository/org/hamcrest/hamcrest-all/1.3/hamcrest-all-1.3.jar:/Users/martin/.m2/repository/org/springframework/spring-context/3.2.4.RELEASE/spring-context-3.2.4.RELEASE.jar:/Users/martin/.m2/repository/org/springframework/spring-test/3.2.4.RELEASE/spring-test-3.2.4.RELEASE.jar:"/>
    <property name="java.specification.name" value="Java Platform API Specification"/>
    <property name="java.class.version" value="51.0"/>
    <property name="sun.management.compiler" value="HotSpot 64-Bit Tiered Compilers"/>
    <property name="os.version" value="10.8.5"/>
    <property name="http.nonProxyHosts" value="local|*.local|169.254/16|*.169.254/16"/>
    <property name="user.home" value="/Users/martin"/>
    <property name="user.timezone" value="Europe/Amsterdam"/>
    <property name="java.awt.printerjob" value="sun.lwawt.macosx.CPrinterJob"/>
    <property name="java.specification.version" value="1.7"/>
    <property name="file.encoding" value="UTF-8"/>
    <property name="user.name" value="martin"/>
    <property name="java.class.path" value="/Users/martin/onsproject/ons-parent/ons-webapp/target/test-classes:/Users/martin/onsproject/ons-parent/ons-webapp/target/classes:/Users/martin/.m2/repository/javax/servlet/servlet-api/2.5/servlet-api-2.5.jar:/Users/martin/.m2/repository/org/springframework/spring-webmvc/3.2.4.RELEASE/spring-webmvc-3.2.4.RELEASE.jar:/Users/martin/.m2/repository/org/springframework/spring-beans/3.2.4.RELEASE/spring-beans-3.2.4.RELEASE.jar:/Users/martin/.m2/repository/org/springframework/spring-core/3.2.4.RELEASE/spring-core-3.2.4.RELEASE.jar:/Users/martin/.m2/repository/commons-logging/commons-logging/1.1.1/commons-logging-1.1.1.jar:/Users/martin/.m2/repository/org/springframework/spring-expression/3.2.4.RELEASE/spring-expression-3.2.4.RELEASE.jar:/Users/martin/.m2/repository/org/springframework/spring-web/3.2.4.RELEASE/spring-web-3.2.4.RELEASE.jar:/Users/martin/onsproject/ons-parent/ons-model/target/ons-model-0.8-SNAPSHOT.jar:/Users/martin/.m2/repository/javax/validation/validation-api/1.0.0.GA/validation-api-1.0.0.GA.jar:/Users/martin/.m2/repository/org/hibernate/javax/persistence/hibernate-jpa-2.0-api/1.0.1.Final/hibernate-jpa-2.0-api-1.0.1.Final.jar:/Users/martin/onsproject/ons-parent/ons-service/target/ons-service-0.8-SNAPSHOT.jar:/Users/martin/onsproject/ons-parent/ons-persist/target/ons-persist-0.8-SNAPSHOT.jar:/Users/martin/.m2/repository/org/hibernate/hibernate-entitymanager/4.1.4.Final/hibernate-entitymanager-4.1.4.Final.jar:/Users/martin/.m2/repository/org/jboss/logging/jboss-logging/3.1.0.GA/jboss-logging-3.1.0.GA.jar:/Users/martin/.m2/repository/org/hibernate/hibernate-core/4.1.4.Final/hibernate-core-4.1.4.Final.jar:/Users/martin/.m2/repository/antlr/antlr/2.7.7/antlr-2.7.7.jar:/Users/martin/.m2/repository/org/jboss/spec/javax/transaction/jboss-transaction-api_1.1_spec/1.0.0.Final/jboss-transaction-api_1.1_spec-1.0.0.Final.jar:/Users/martin/.m2/repository/dom4j/dom4j/1.6.1/dom4j-1.6.1.jar:/Users/martin/.m2/repository/org/javassist/javassist/3.15.0-GA/javassist-3.15.0-GA.jar:/Users/martin/.m2/repository/org/hibernate/common/hibernate-commons-annotations/4.0.1.Final/hibernate-commons-annotations-4.0.1.Final.jar:/Users/martin/.m2/repository/org/aspectj/aspectjrt/1.6.9/aspectjrt-1.6.9.jar:/Users/martin/.m2/repository/org/springframework/spring-jdbc/3.2.4.RELEASE/spring-jdbc-3.2.4.RELEASE.jar:/Users/martin/.m2/repository/org/springframework/spring-orm/3.2.4.RELEASE/spring-orm-3.2.4.RELEASE.jar:/Users/martin/.m2/repository/org/hsqldb/hsqldb/2.2.8/hsqldb-2.2.8.jar:/Users/martin/.m2/repository/org/springframework/data/spring-data-jpa/1.1.0.RELEASE/spring-data-jpa-1.1.0.RELEASE.jar:/Users/martin/.m2/repository/org/springframework/data/spring-data-commons-core/1.3.0.RELEASE/spring-data-commons-core-1.3.0.RELEASE.jar:/Users/martin/.m2/repository/junit/junit-dep/4.8.2/junit-dep-4.8.2.jar:/Users/martin/.m2/repository/org/slf4j/slf4j-api/1.6.1/slf4j-api-1.6.1.jar:/Users/martin/.m2/repository/org/slf4j/jcl-over-slf4j/1.6.1/jcl-over-slf4j-1.6.1.jar:/Users/martin/.m2/repository/mysql/mysql-connector-java/5.1.6/mysql-connector-java-5.1.6.jar:/Users/martin/.m2/repository/org/hibernate/hibernate-validator/4.0.2.GA/hibernate-validator-4.0.2.GA.jar:/Users/martin/.m2/repository/javax/xml/bind/jaxb-api/2.1/jaxb-api-2.1.jar:/Users/martin/.m2/repository/javax/xml/stream/stax-api/1.0-2/stax-api-1.0-2.jar:/Users/martin/.m2/repository/javax/activation/activation/1.1/activation-1.1.jar:/Users/martin/.m2/repository/com/sun/xml/bind/jaxb-impl/2.1.3/jaxb-impl-2.1.3.jar:/Users/martin/.m2/repository/org/aspectj/aspectjweaver/1.6.12/aspectjweaver-1.6.12.jar:/Users/martin/.m2/repository/org/springframework/spring-aop/3.2.4.RELEASE/spring-aop-3.2.4.RELEASE.jar:/Users/martin/.m2/repository/org/springframework/security/spring-security-web/3.2.3.RELEASE/spring-security-web-3.2.3.RELEASE.jar:/Users/martin/.m2/repository/aopalliance/aopalliance/1.0/aopalliance-1.0.jar:/Users/martin/.m2/repository/org/springframework/security/spring-security-core/3.2.3.RELEASE/spring-security-core-3.2.3.RELEASE.jar:/Users/martin/.m2/repository/org/springframework/security/spring-security-taglibs/3.2.3.RELEASE/spring-security-taglibs-3.2.3.RELEASE.jar:/Users/martin/.m2/repository/org/springframework/security/spring-security-acl/3.2.3.RELEASE/spring-security-acl-3.2.3.RELEASE.jar:/Users/martin/.m2/repository/org/springframework/spring-tx/3.2.8.RELEASE/spring-tx-3.2.8.RELEASE.jar:/Users/martin/.m2/repository/org/springframework/security/spring-security-config/3.2.3.RELEASE/spring-security-config-3.2.3.RELEASE.jar:/Users/martin/.m2/repository/junit/junit/4.11/junit-4.11.jar:/Users/martin/.m2/repository/org/hamcrest/hamcrest-core/1.3/hamcrest-core-1.3.jar:/Users/martin/.m2/repository/org/mockito/mockito-all/1.9.0/mockito-all-1.9.0.jar:/Users/martin/.m2/repository/org/hamcrest/hamcrest-all/1.3/hamcrest-all-1.3.jar:/Users/martin/.m2/repository/org/springframework/spring-context/3.2.4.RELEASE/spring-context-3.2.4.RELEASE.jar:/Users/martin/.m2/repository/org/springframework/spring-test/3.2.4.RELEASE/spring-test-3.2.4.RELEASE.jar:"/>
    <property name="java.vm.specification.version" value="1.7"/>
    <property name="sun.arch.data.model" value="64"/>
    <property name="java.home" value="/Library/Java/JavaVirtualMachines/jdk1.7.0_40.jdk/Contents/Home/jre"/>
    <property name="sun.java.command" value="/Users/martin/onsproject/ons-parent/ons-webapp/target/surefire/surefirebooter1322875087317796829.jar /Users/martin/onsproject/ons-parent/ons-webapp/target/surefire/surefire5253557345376105545tmp /Users/martin/onsproject/ons-parent/ons-webapp/target/surefire/surefire1734857771273597992tmp"/>
    <property name="java.specification.vendor" value="Oracle Corporation"/>
    <property name="user.language" value="en"/>
    <property name="awt.toolkit" value="sun.lwawt.macosx.LWCToolkit"/>
    <property name="java.vm.info" value="mixed mode"/>
    <property name="java.version" value="1.7.0_40"/>
    <property name="java.ext.dirs" value="/Users/martin/Library/Java/Extensions:/Library/Java/JavaVirtualMachines/jdk1.7.0_40.jdk/Contents/Home/jre/lib/ext:/Library/Java/Extensions:/Network/Library/Java/Extensions:/System/Library/Java/Extensions:/usr/lib/java"/>
    <property name="sun.boot.class.path" value="/Library/Java/JavaVirtualMachines/jdk1.7.0_40.jdk/Contents/Home/jre/lib/resources.jar:/Library/Java/JavaVirtualMachines/jdk1.7.0_40.jdk/Contents/Home/jre/lib/rt.jar:/Library/Java/JavaVirtualMachines/jdk1.7.0_40.jdk/Contents/Home/jre/lib/sunrsasign.jar:/Library/Java/JavaVirtualMachines/jdk1.7.0_40.jdk/Contents/Home/jre/lib/jsse.jar:/Library/Java/JavaVirtualMachines/jdk1.7.0_40.jdk/Contents/Home/jre/lib/jce.jar:/Library/Java/JavaVirtualMachines/jdk1.7.0_40.jdk/Contents/Home/jre/lib/charsets.jar:/Library/Java/JavaVirtualMachines/jdk1.7.0_40.jdk/Contents/Home/jre/lib/jfr.jar:/Library/Java/JavaVirtualMachines/jdk1.7.0_40.jdk/Contents/Home/jre/lib/JObjC.jar:/Library/Java/JavaVirtualMachines/jdk1.7.0_40.jdk/Contents/Home/jre/classes"/>
    <property name="java.vendor" value="Oracle Corporation"/>
    <property name="localRepository" value="/Users/martin/.m2/repository"/>
    <property name="file.separator" value="/"/>
    <property name="java.vendor.url.bug" value="http://bugreport.sun.com/bugreport/"/>
    <property name="sun.cpu.endian" value="little"/>
    <property name="sun.io.unicode.encoding" value="UnicodeBig"/>
    <property name="socksNonProxyHosts" value="local|*.local|169.254/16|*.169.254/16"/>
    <property name="ftp.nonProxyHosts" value="local|*.local|169.254/16|*.169.254/16"/>
    <property name="sun.cpu.isalist" value=""/>
  </properties>
  <testcase time="5.482" classname="com.martinetherton.ons.web.PersonControllerIntegrationTest" name="personDetailsRequest">
    <error message="Failed to load ApplicationContext" type="java.lang.IllegalStateException">java.lang.IllegalStateException: Failed to load ApplicationContext
	at org.springframework.test.context.CacheAwareContextLoaderDelegate.loadContext(CacheAwareContextLoaderDelegate.java:99)
	at org.springframework.test.context.TestContext.getApplicationContext(TestContext.java:122)
	at org.springframework.test.context.web.ServletTestExecutionListener.setUpRequestContextIfNecessary(ServletTestExecutionListener.java:105)
	at org.springframework.test.context.web.ServletTestExecutionListener.prepareTestInstance(ServletTestExecutionListener.java:74)
	at org.springframework.test.context.TestContextManager.prepareTestInstance(TestContextManager.java:312)
	at org.springframework.test.context.junit4.SpringJUnit4ClassRunner.createTest(SpringJUnit4ClassRunner.java:211)
	at org.springframework.test.context.junit4.SpringJUnit4ClassRunner$1.runReflectiveCall(SpringJUnit4ClassRunner.java:288)
	at org.junit.internal.runners.model.ReflectiveCallable.run(ReflectiveCallable.java:15)
	at org.springframework.test.context.junit4.SpringJUnit4ClassRunner.methodBlock(SpringJUnit4ClassRunner.java:284)
	at org.springframework.test.context.junit4.SpringJUnit4ClassRunner.runChild(SpringJUnit4ClassRunner.java:231)
	at org.springframework.test.context.junit4.SpringJUnit4ClassRunner.runChild(SpringJUnit4ClassRunner.java:88)
	at org.junit.runners.ParentRunner$3.run(ParentRunner.java:193)
	at org.junit.runners.ParentRunner$1.schedule(ParentRunner.java:52)
	at org.junit.runners.ParentRunner.runChildren(ParentRunner.java:191)
	at org.junit.runners.ParentRunner.access$000(ParentRunner.java:42)
	at org.junit.runners.ParentRunner$2.evaluate(ParentRunner.java:184)
	at org.springframework.test.context.junit4.statements.RunBeforeTestClassCallbacks.evaluate(RunBeforeTestClassCallbacks.java:61)
	at org.springframework.test.context.junit4.statements.RunAfterTestClassCallbacks.evaluate(RunAfterTestClassCallbacks.java:71)
	at org.junit.runners.ParentRunner.run(ParentRunner.java:236)
	at org.springframework.test.context.junit4.SpringJUnit4ClassRunner.run(SpringJUnit4ClassRunner.java:174)
	at org.apache.maven.surefire.junit4.JUnit4TestSet.execute(JUnit4TestSet.java:35)
	at org.apache.maven.surefire.junit4.JUnit4Provider.executeTestSet(JUnit4Provider.java:115)
	at org.apache.maven.surefire.junit4.JUnit4Provider.invoke(JUnit4Provider.java:97)
	at sun.reflect.NativeMethodAccessorImpl.invoke0(Native Method)
	at sun.reflect.NativeMethodAccessorImpl.invoke(NativeMethodAccessorImpl.java:57)
	at sun.reflect.DelegatingMethodAccessorImpl.invoke(DelegatingMethodAccessorImpl.java:43)
	at java.lang.reflect.Method.invoke(Method.java:606)
	at org.apache.maven.surefire.booter.ProviderFactory$ClassLoaderProxy.invoke(ProviderFactory.java:103)
	at com.sun.proxy.$Proxy0.invoke(Unknown Source)
	at org.apache.maven.surefire.booter.SurefireStarter.invokeProvider(SurefireStarter.java:150)
	at org.apache.maven.surefire.booter.SurefireStarter.runSuitesInProcess(SurefireStarter.java:91)
	at org.apache.maven.surefire.booter.ForkedBooter.main(ForkedBooter.java:69)
Caused by: org.springframework.beans.factory.BeanCreationException: Error creating bean with name &apos;org.springframework.security.filterChains&apos;: Cannot resolve reference to bean &apos;org.springframework.security.web.DefaultSecurityFilterChain#0&apos; while setting bean property &apos;sourceList&apos; with key [0]; nested exception is org.springframework.beans.factory.BeanCreationException: Error creating bean with name &apos;org.springframework.security.web.DefaultSecurityFilterChain#0&apos;: Cannot resolve reference to bean &apos;org.springframework.security.web.authentication.UsernamePasswordAuthenticationFilter#0&apos; while setting constructor argument with key [2]; nested exception is org.springframework.beans.factory.BeanCreationException: Error creating bean with name &apos;org.springframework.security.web.authentication.UsernamePasswordAuthenticationFilter#0&apos;: Cannot resolve reference to bean &apos;org.springframework.security.authentication.ProviderManager#0&apos; while setting bean property &apos;authenticationManager&apos;; nested exception is org.springframework.beans.factory.BeanCreationException: Error creating bean with name &apos;org.springframework.security.authentication.ProviderManager#0&apos;: Cannot create inner bean &apos;(inner bean)&apos; of type [org.springframework.beans.factory.config.MethodInvokingFactoryBean] while setting bean property &apos;eraseCredentialsAfterAuthentication&apos;; nested exception is org.springframework.beans.factory.BeanCreationException: Error creating bean with name &apos;(inner bean)#17&apos;: Invocation of init method failed; nested exception is java.lang.NoSuchMethodException: com.sun.proxy.$Proxy82.isEraseCredentialsAfterAuthentication()
	at org.springframework.beans.factory.support.BeanDefinitionValueResolver.resolveReference(BeanDefinitionValueResolver.java:329)
	at org.springframework.beans.factory.support.BeanDefinitionValueResolver.resolveValueIfNecessary(BeanDefinitionValueResolver.java:107)
	at org.springframework.beans.factory.support.BeanDefinitionValueResolver.resolveManagedList(BeanDefinitionValueResolver.java:353)
	at org.springframework.beans.factory.support.BeanDefinitionValueResolver.resolveValueIfNecessary(BeanDefinitionValueResolver.java:154)
	at org.springframework.beans.factory.support.AbstractAutowireCapableBeanFactory.applyPropertyValues(AbstractAutowireCapableBeanFactory.java:1387)
	at org.springframework.beans.factory.support.AbstractAutowireCapableBeanFactory.populateBean(AbstractAutowireCapableBeanFactory.java:1128)
	at org.springframework.beans.factory.support.AbstractAutowireCapableBeanFactory.doCreateBean(AbstractAutowireCapableBeanFactory.java:519)
	at org.springframework.beans.factory.support.AbstractAutowireCapableBeanFactory.createBean(AbstractAutowireCapableBeanFactory.java:458)
	at org.springframework.beans.factory.support.AbstractBeanFactory$1.getObject(AbstractBeanFactory.java:295)
	at org.springframework.beans.factory.support.DefaultSingletonBeanRegistry.getSingleton(DefaultSingletonBeanRegistry.java:223)
	at org.springframework.beans.factory.support.AbstractBeanFactory.doGetBean(AbstractBeanFactory.java:292)
	at org.springframework.beans.factory.support.AbstractBeanFactory.getBean(AbstractBeanFactory.java:194)
	at org.springframework.beans.factory.support.DefaultListableBeanFactory.preInstantiateSingletons(DefaultListableBeanFactory.java:610)
	at org.springframework.context.support.AbstractApplicationContext.finishBeanFactoryInitialization(AbstractApplicationContext.java:932)
	at org.springframework.context.support.AbstractApplicationContext.refresh(AbstractApplicationContext.java:479)
	at org.springframework.test.context.web.AbstractGenericWebContextLoader.loadContext(AbstractGenericWebContextLoader.java:128)
	at org.springframework.test.context.web.AbstractGenericWebContextLoader.loadContext(AbstractGenericWebContextLoader.java:60)
	at org.springframework.test.context.support.AbstractDelegatingSmartContextLoader.delegateLoading(AbstractDelegatingSmartContextLoader.java:100)
	at org.springframework.test.context.support.AbstractDelegatingSmartContextLoader.loadContext(AbstractDelegatingSmartContextLoader.java:248)
	at org.springframework.test.context.CacheAwareContextLoaderDelegate.loadContextInternal(CacheAwareContextLoaderDelegate.java:64)
	at org.springframework.test.context.CacheAwareContextLoaderDelegate.loadContext(CacheAwareContextLoaderDelegate.java:91)
	... 31 more
Caused by: org.springframework.beans.factory.BeanCreationException: Error creating bean with name &apos;org.springframework.security.web.DefaultSecurityFilterChain#0&apos;: Cannot resolve reference to bean &apos;org.springframework.security.web.authentication.UsernamePasswordAuthenticationFilter#0&apos; while setting constructor argument with key [2]; nested exception is org.springframework.beans.factory.BeanCreationException: Error creating bean with name &apos;org.springframework.security.web.authentication.UsernamePasswordAuthenticationFilter#0&apos;: Cannot resolve reference to bean &apos;org.springframework.security.authentication.ProviderManager#0&apos; while setting bean property &apos;authenticationManager&apos;; nested exception is org.springframework.beans.factory.BeanCreationException: Error creating bean with name &apos;org.springframework.security.authentication.ProviderManager#0&apos;: Cannot create inner bean &apos;(inner bean)&apos; of type [org.springframework.beans.factory.config.MethodInvokingFactoryBean] while setting bean property &apos;eraseCredentialsAfterAuthentication&apos;; nested exception is org.springframework.beans.factory.BeanCreationException: Error creating bean with name &apos;(inner bean)#17&apos;: Invocation of init method failed; nested exception is java.lang.NoSuchMethodException: com.sun.proxy.$Proxy82.isEraseCredentialsAfterAuthentication()
	at org.springframework.beans.factory.support.BeanDefinitionValueResolver.resolveReference(BeanDefinitionValueResolver.java:329)
	at org.springframework.beans.factory.support.BeanDefinitionValueResolver.resolveValueIfNecessary(BeanDefinitionValueResolver.java:107)
	at org.springframework.beans.factory.support.BeanDefinitionValueResolver.resolveManagedList(BeanDefinitionValueResolver.java:353)
	at org.springframework.beans.factory.support.BeanDefinitionValueResolver.resolveValueIfNecessary(BeanDefinitionValueResolver.java:154)
	at org.springframework.beans.factory.support.ConstructorResolver.resolveConstructorArguments(ConstructorResolver.java:615)
	at org.springframework.beans.factory.support.ConstructorResolver.autowireConstructor(ConstructorResolver.java:148)
	at org.springframework.beans.factory.support.AbstractAutowireCapableBeanFactory.autowireConstructor(AbstractAutowireCapableBeanFactory.java:1045)
	at org.springframework.beans.factory.support.AbstractAutowireCapableBeanFactory.createBeanInstance(AbstractAutowireCapableBeanFactory.java:949)
	at org.springframework.beans.factory.support.AbstractAutowireCapableBeanFactory.doCreateBean(AbstractAutowireCapableBeanFactory.java:487)
	at org.springframework.beans.factory.support.AbstractAutowireCapableBeanFactory.createBean(AbstractAutowireCapableBeanFactory.java:458)
	at org.springframework.beans.factory.support.AbstractBeanFactory$1.getObject(AbstractBeanFactory.java:295)
	at org.springframework.beans.factory.support.DefaultSingletonBeanRegistry.getSingleton(DefaultSingletonBeanRegistry.java:223)
	at org.springframework.beans.factory.support.AbstractBeanFactory.doGetBean(AbstractBeanFactory.java:292)
	at org.springframework.beans.factory.support.AbstractBeanFactory.getBean(AbstractBeanFactory.java:194)
	at org.springframework.beans.factory.support.BeanDefinitionValueResolver.resolveReference(BeanDefinitionValueResolver.java:323)
	... 51 more
Caused by: org.springframework.beans.factory.BeanCreationException: Error creating bean with name &apos;org.springframework.security.web.authentication.UsernamePasswordAuthenticationFilter#0&apos;: Cannot resolve reference to bean &apos;org.springframework.security.authentication.ProviderManager#0&apos; while setting bean property &apos;authenticationManager&apos;; nested exception is org.springframework.beans.factory.BeanCreationException: Error creating bean with name &apos;org.springframework.security.authentication.ProviderManager#0&apos;: Cannot create inner bean &apos;(inner bean)&apos; of type [org.springframework.beans.factory.config.MethodInvokingFactoryBean] while setting bean property &apos;eraseCredentialsAfterAuthentication&apos;; nested exception is org.springframework.beans.factory.BeanCreationException: Error creating bean with name &apos;(inner bean)#17&apos;: Invocation of init method failed; nested exception is java.lang.NoSuchMethodException: com.sun.proxy.$Proxy82.isEraseCredentialsAfterAuthentication()
	at org.springframework.beans.factory.support.BeanDefinitionValueResolver.resolveReference(BeanDefinitionValueResolver.java:329)
	at org.springframework.beans.factory.support.BeanDefinitionValueResolver.resolveValueIfNecessary(BeanDefinitionValueResolver.java:107)
	at org.springframework.beans.factory.support.AbstractAutowireCapableBeanFactory.applyPropertyValues(AbstractAutowireCapableBeanFactory.java:1387)
	at org.springframework.beans.factory.support.AbstractAutowireCapableBeanFactory.populateBean(AbstractAutowireCapableBeanFactory.java:1128)
	at org.springframework.beans.factory.support.AbstractAutowireCapableBeanFactory.doCreateBean(AbstractAutowireCapableBeanFactory.java:519)
	at org.springframework.beans.factory.support.AbstractAutowireCapableBeanFactory.createBean(AbstractAutowireCapableBeanFactory.java:458)
	at org.springframework.beans.factory.support.AbstractBeanFactory$1.getObject(AbstractBeanFactory.java:295)
	at org.springframework.beans.factory.support.DefaultSingletonBeanRegistry.getSingleton(DefaultSingletonBeanRegistry.java:223)
	at org.springframework.beans.factory.support.AbstractBeanFactory.doGetBean(AbstractBeanFactory.java:292)
	at org.springframework.beans.factory.support.AbstractBeanFactory.getBean(AbstractBeanFactory.java:194)
	at org.springframework.beans.factory.support.BeanDefinitionValueResolver.resolveReference(BeanDefinitionValueResolver.java:323)
	... 65 more
Caused by: org.springframework.beans.factory.BeanCreationException: Error creating bean with name &apos;org.springframework.security.authentication.ProviderManager#0&apos;: Cannot create inner bean &apos;(inner bean)&apos; of type [org.springframework.beans.factory.config.MethodInvokingFactoryBean] while setting bean property &apos;eraseCredentialsAfterAuthentication&apos;; nested exception is org.springframework.beans.factory.BeanCreationException: Error creating bean with name &apos;(inner bean)#17&apos;: Invocation of init method failed; nested exception is java.lang.NoSuchMethodException: com.sun.proxy.$Proxy82.isEraseCredentialsAfterAuthentication()
	at org.springframework.beans.factory.support.BeanDefinitionValueResolver.resolveInnerBean(BeanDefinitionValueResolver.java:282)
	at org.springframework.beans.factory.support.BeanDefinitionValueResolver.resolveValueIfNecessary(BeanDefinitionValueResolver.java:126)
	at org.springframework.beans.factory.support.AbstractAutowireCapableBeanFactory.applyPropertyValues(AbstractAutowireCapableBeanFactory.java:1387)
	at org.springframework.beans.factory.support.AbstractAutowireCapableBeanFactory.populateBean(AbstractAutowireCapableBeanFactory.java:1128)
	at org.springframework.beans.factory.support.AbstractAutowireCapableBeanFactory.doCreateBean(AbstractAutowireCapableBeanFactory.java:519)
	at org.springframework.beans.factory.support.AbstractAutowireCapableBeanFactory.createBean(AbstractAutowireCapableBeanFactory.java:458)
	at org.springframework.beans.factory.support.AbstractBeanFactory$1.getObject(AbstractBeanFactory.java:295)
	at org.springframework.beans.factory.support.DefaultSingletonBeanRegistry.getSingleton(DefaultSingletonBeanRegistry.java:223)
	at org.springframework.beans.factory.support.AbstractBeanFactory.doGetBean(AbstractBeanFactory.java:292)
	at org.springframework.beans.factory.support.AbstractBeanFactory.getBean(AbstractBeanFactory.java:194)
	at org.springframework.beans.factory.support.BeanDefinitionValueResolver.resolveReference(BeanDefinitionValueResolver.java:323)
	... 75 more
Caused by: org.springframework.beans.factory.BeanCreationException: Error creating bean with name &apos;(inner bean)#17&apos;: Invocation of init method failed; nested exception is java.lang.NoSuchMethodException: com.sun.proxy.$Proxy82.isEraseCredentialsAfterAuthentication()
	at org.springframework.beans.factory.support.AbstractAutowireCapableBeanFactory.initializeBean(AbstractAutowireCapableBeanFactory.java:1482)
	at org.springframework.beans.factory.support.AbstractAutowireCapableBeanFactory.doCreateBean(AbstractAutowireCapableBeanFactory.java:521)
	at org.springframework.beans.factory.support.AbstractAutowireCapableBeanFactory.createBean(AbstractAutowireCapableBeanFactory.java:458)
	at org.springframework.beans.factory.support.BeanDefinitionValueResolver.resolveInnerBean(BeanDefinitionValueResolver.java:271)
	... 85 more
Caused by: java.lang.NoSuchMethodException: com.sun.proxy.$Proxy82.isEraseCredentialsAfterAuthentication()
	at java.lang.Class.getMethod(Class.java:1655)
	at org.springframework.util.MethodInvoker.prepare(MethodInvoker.java:178)
	at org.springframework.beans.factory.config.MethodInvokingFactoryBean.afterPropertiesSet(MethodInvokingFactoryBean.java:149)
	at org.springframework.beans.factory.support.AbstractAutowireCapableBeanFactory.invokeInitMethods(AbstractAutowireCapableBeanFactory.java:1541)
	at org.springframework.beans.factory.support.AbstractAutowireCapableBeanFactory.initializeBean(AbstractAutowireCapableBeanFactory.java:1479)
	... 88 more
</error>
    <system-out>@HL
@HL-------------------------------------------------------
@HL T E S T S
@HL-------------------------------------------------------
@SLRunning com.martinetherton.ons.web.PersonControllerIntegrationTest
Hibernate: 
    select
        person0_.ID as ID1_,
        person0_.FIRST_NAME as FIRST2_1_,
        person0_.HANDICAPPED as HANDICAP3_1_ 
    from
        T_PERSON person0_
</system-out>
    <system-err>SLF4J: Failed to load class &quot;org.slf4j.impl.StaticLoggerBinder&quot;.
SLF4J: Defaulting to no-operation (NOP) logger implementation
SLF4J: See http://www.slf4j.org/codes.html#StaticLoggerBinder for further details.
Apr 22, 2014 9:59:13 PM org.hibernate.annotations.common.Version &lt;clinit&gt;
INFO: HCANN000001: Hibernate Commons Annotations {4.0.1.Final}
Apr 22, 2014 9:59:13 PM org.hibernate.Version logVersion
INFO: HHH000412: Hibernate Core {4.1.4.Final}
Apr 22, 2014 9:59:13 PM org.hibernate.cfg.Environment &lt;clinit&gt;
INFO: HHH000206: hibernate.properties not found
Apr 22, 2014 9:59:13 PM org.hibernate.cfg.Environment buildBytecodeProvider
INFO: HHH000021: Bytecode provider name : javassist
Apr 22, 2014 9:59:13 PM org.hibernate.ejb.Ejb3Configuration configure
INFO: HHH000204: Processing PersistenceUnitInfo [
	name: default
	...]
Apr 22, 2014 9:59:13 PM org.hibernate.service.jdbc.connections.internal.ConnectionProviderInitiator instantiateExplicitConnectionProvider
INFO: HHH000130: Instantiating explicit connection provider: org.hibernate.ejb.connection.InjectedDataSourceConnectionProvider
Apr 22, 2014 9:59:13 PM org.hibernate.dialect.Dialect &lt;init&gt;
INFO: HHH000400: Using dialect: org.hibernate.dialect.HSQLDialect
Apr 22, 2014 9:59:13 PM org.hibernate.engine.transaction.internal.TransactionFactoryInitiator initiateService
INFO: HHH000268: Transaction strategy: org.hibernate.engine.transaction.internal.jdbc.JdbcTransactionFactory
Apr 22, 2014 9:59:13 PM org.hibernate.hql.internal.ast.ASTQueryTranslatorFactory &lt;init&gt;
INFO: HHH000397: Using ASTQueryTranslatorFactory
</system-err>
  </testcase>
</testsuite>